#
# A fatal error has been detected by the Java Runtime Environment:
#
#  EXCEPTION_ACCESS_VIOLATION (0xc0000005) at pc=0x0000000003405b45, pid=11364, tid=0x00000000000019e0
#
# JRE version: OpenJDK Runtime Environment (8.0_152-b01) (build 1.8.0_152-release-1343-b01)
# Java VM: OpenJDK 64-Bit Server VM (25.152-b01 mixed mode windows-amd64 compressed oops)
# Problematic frame:
# j  org.gradle.api.internal.file.DefaultSourceDirectorySet.getSrcDirTrees()Ljava/util/Set;+54
#
# Failed to write core dump. Minidumps are not enabled by default on client versions of Windows
#
# If you would like to submit a bug report, please visit:
#   http://bugreport.java.com/bugreport/crash.jsp
#

---------------  T H R E A D  ---------------

Current thread (0x000000001ddfb800):  JavaThread "Daemon worker Thread 2" [_thread_in_Java, id=6624, stack(0x000000001b560000,0x000000001b660000)]

siginfo: ExceptionCode=0xc0000005, reading address 0x0000000208690ed0

Registers:
RAX=0x00000001003751f0, RBX=0x0000000000000000, RCX=0x00000000e9c259c8, RDX=0x00000001007ef9a8
RSP=0x000000001b65a5a0, RBP=0x000000001b65a5f8, RSI=0x000000000000006d, RDI=0x00000000e9c34ef8
R8 =0x00000000e9c26aa0, R9 =0x0000000000000010, R10=0x000000006f77c760, R11=0x000000009baae4c2
R12=0x0000000000000000, R13=0x0000000208690ed0, R14=0x000000001b65a620, R15=0x000000001ddfb800
RIP=0x0000000003405b45, EFLAGS=0x0000000000010246

Top of Stack: (sp=0x000000001b65a5a0)
0x000000001b65a5a0:   00000000033e7ef4 00000000e9c259c8
0x000000001b65a5b0:   00000000e9c240c0 000000001b65a5b8
0x000000001b65a5c0:   0000000023a1cb56 000000001b65a620
0x000000001b65a5d0:   0000000023a1ec20 0000000000000000
0x000000001b65a5e0:   0000000023a1cba8 0000000000000000
0x000000001b65a5f0:   000000001b65a620 000000001b65a668
0x000000001b65a600:   00000000033e7e20 00000000e9c259c8
0x000000001b65a610:   00000000e9c26690 00000000e9c240c0
0x000000001b65a620:   00000000e850b4b0 000000001b65a628
0x000000001b65a630:   0000000023a1bee9 000000001b65a690
0x000000001b65a640:   0000000023a1ec20 0000000000000000
0x000000001b65a650:   0000000023a1bf48 000000001b65a620
0x000000001b65a660:   000000001b65a690 000000001b65a6d8
0x000000001b65a670:   00000000033e7ef4 0000000000000000
0x000000001b65a680:   0000000000000000 00000000e9c24078
0x000000001b65a690:   00000000e850b4b0 000000001b65a698 

Instructions: (pc=0x0000000003405b45)
0x0000000003405b25:   00 4d 89 75 18 49 83 c5 30 4c 89 6d e0 44 8b aa
0x0000000003405b35:   10 01 00 00 4e 8d ac ea a8 01 00 00 48 8d 14 da
0x0000000003405b45:   49 8b 5d 00 48 3b c3 74 16 48 85 db 0f 84 fb 02
0x0000000003405b55:   00 00 49 83 c5 10 49 8b 5d 00 48 3b c3 75 ea 45 


Register to memory mapping:

RAX=0x00000001003751f0 is pointing into metadata
RBX=0x0000000000000000 is an unknown value
RCX=0x00000000e9c259c8 is an oop

[error occurred during error reporting (printing register info), id 0xc0000005]

Stack: [0x000000001b560000,0x000000001b660000],  sp=0x000000001b65a5a0,  free space=1001k
Native frames: (J=compiled Java code, j=interpreted, Vv=VM code, C=native code)
C  0x0000000003405b45


---------------  P R O C E S S  ---------------

Java Threads: ( => current thread )
  0x000000001e8d6000 JavaThread "Cache worker for Build Output Cleanup Cache (C:\Users\beast\Documents\Lambda Week 2\and-resources-assignment-gallery\GalleryApp\.gradle\buildOutputCleanup)" [_thread_blocked, id=3392, stack(0x0000000024e90000,0x0000000024f90000)]
  0x000000001e8d6800 JavaThread "Build operations Thread 6" [_thread_blocked, id=11500, stack(0x0000000024d90000,0x0000000024e90000)]
  0x000000001e8d4800 JavaThread "Build operations Thread 5" [_thread_blocked, id=10792, stack(0x0000000024890000,0x0000000024990000)]
  0x000000001e8cb800 JavaThread "Build operations Thread 4" [_thread_blocked, id=1052, stack(0x00000000231a0000,0x00000000232a0000)]
  0x000000001e8d2000 JavaThread "Build operations Thread 3" [_thread_blocked, id=10100, stack(0x0000000022ce0000,0x0000000022de0000)]
  0x000000001e8ca800 JavaThread "Build operations Thread 2" [_thread_blocked, id=11560, stack(0x0000000022be0000,0x0000000022ce0000)]
  0x000000001e8d1800 JavaThread "Build operations" [_thread_blocked, id=5396, stack(0x00000000228e0000,0x00000000229e0000)]
  0x000000001e8ca000 JavaThread "Cache worker for cache directory md-rule (C:\Users\beast\.gradle\caches\5.1.1\md-rule)" [_thread_blocked, id=8616, stack(0x00000000227e0000,0x00000000228e0000)]
  0x000000001e8d0800 JavaThread "Cache worker for cache directory md-supplier (C:\Users\beast\.gradle\caches\5.1.1\md-supplier)" [_thread_blocked, id=12196, stack(0x000000001f970000,0x000000001fa70000)]
  0x000000001e8cf000 JavaThread "Cache worker for file hash cache (C:\Users\beast\Documents\Lambda Week 2\and-resources-assignment-gallery\GalleryApp\.gradle\5.1.1\fileHashes)" [_thread_blocked, id=11328, stack(0x000000001f5d0000,0x000000001f6d0000)]
  0x000000001e8ce800 JavaThread "Thread-65" [_thread_blocked, id=1972, stack(0x000000001e300000,0x000000001e400000)]
  0x000000001e8cd000 JavaThread "Stdin handler" [_thread_blocked, id=4292, stack(0x000000001bb60000,0x000000001bc60000)]
  0x000000001e8d0000 JavaThread "Asynchronous log dispatcher for DefaultDaemonConnection: socket connection from /127.0.0.1:50461 to /127.0.0.1:50514" [_thread_blocked, id=6040, stack(0x000000001ba60000,0x000000001bb60000)]
  0x000000001e8c9000 JavaThread "Cancel handler" [_thread_blocked, id=11288, stack(0x00000000030e0000,0x00000000031e0000)]
  0x000000001e8cc000 JavaThread "Handler for socket connection from /127.0.0.1:50461 to /127.0.0.1:50514" [_thread_in_native, id=10076, stack(0x0000000001680000,0x0000000001780000)]
=>0x000000001ddfb800 JavaThread "Daemon worker Thread 2" [_thread_in_Java, id=6624, stack(0x000000001b560000,0x000000001b660000)]
  0x000000001ddfd000 JavaThread "Daemon Thread 2" [_thread_blocked, id=6000, stack(0x0000000001580000,0x0000000001680000)]
  0x000000001ddfc000 JavaThread "Cache worker for file content cache (C:\Users\beast\.gradle\caches\5.1.1\fileContent)" [_thread_blocked, id=2340, stack(0x0000000024790000,0x0000000024890000)]
  0x000000001de03000 JavaThread "Memory manager" [_thread_blocked, id=10604, stack(0x00000000230a0000,0x00000000231a0000)]
  0x000000001ddfe800 JavaThread "Cache worker for execution history cache (C:\Users\beast\.gradle\caches\5.1.1\executionHistory)" [_thread_blocked, id=7172, stack(0x0000000021310000,0x0000000021410000)]
  0x000000001a9f0000 JavaThread "Cache worker for journal cache (C:\Users\beast\.gradle\caches\journal-1)" [_thread_blocked, id=740, stack(0x000000001c060000,0x000000001c160000)]
  0x000000001a9f1800 JavaThread "File lock request listener" [_thread_in_native, id=2264, stack(0x000000001bf60000,0x000000001c060000)]
  0x000000001a9fb000 JavaThread "Cache worker for file hash cache (C:\Users\beast\.gradle\caches\5.1.1\fileHashes)" [_thread_blocked, id=11164, stack(0x000000001be60000,0x000000001bf60000)]
  0x000000001a333800 JavaThread "Daemon periodic checks" [_thread_blocked, id=11240, stack(0x000000001b460000,0x000000001b560000)]
  0x000000001a327000 JavaThread "Incoming local TCP Connector on port 50461" [_thread_in_native, id=10728, stack(0x000000001b220000,0x000000001b320000)]
  0x0000000016fae000 JavaThread "Service Thread" daemon [_thread_blocked, id=11360, stack(0x0000000019310000,0x0000000019410000)]
  0x0000000016f9b000 JavaThread "C1 CompilerThread2" daemon [_thread_blocked, id=11764, stack(0x0000000018e10000,0x0000000018f10000)]
  0x0000000016f90800 JavaThread "C2 CompilerThread1" daemon [_thread_in_native, id=2724, stack(0x0000000018d10000,0x0000000018e10000)]
  0x0000000016f8d800 JavaThread "C2 CompilerThread0" daemon [_thread_blocked, id=10480, stack(0x0000000018c10000,0x0000000018d10000)]
  0x0000000016f9a000 JavaThread "Attach Listener" daemon [_thread_blocked, id=11868, stack(0x0000000018b10000,0x0000000018c10000)]
  0x0000000016f98000 JavaThread "Signal Dispatcher" daemon [_thread_blocked, id=11888, stack(0x0000000018a10000,0x0000000018b10000)]
  0x0000000016f7b800 JavaThread "Finalizer" daemon [_thread_blocked, id=1144, stack(0x0000000018810000,0x0000000018910000)]
  0x00000000033d3000 JavaThread "Reference Handler" daemon [_thread_blocked, id=5464, stack(0x0000000018710000,0x0000000018810000)]
  0x00000000030de000 JavaThread "main" [_thread_blocked, id=10544, stack(0x00000000031e0000,0x00000000032e0000)]

Other Threads:
  0x0000000016f58000 VMThread [stack: 0x0000000018610000,0x0000000018710000] [id=6300]
  0x0000000018f77800 WatcherThread [stack: 0x0000000019410000,0x0000000019510000] [id=1580]

VM state:not at safepoint (normal execution)

VM Mutex/Monitor currently owned by a thread: None

Heap:
 PSYoungGen      total 389120K, used 190571K [0x00000000e0000000, 0x00000000fb200000, 0x0000000100000000)
  eden space 360448K, 44% used [0x00000000e0000000,0x00000000e9e1fbb0,0x00000000f6000000)
  from space 28672K, 99% used [0x00000000f8400000,0x00000000f9ffb060,0x00000000fa000000)
  to   space 36864K, 0% used [0x00000000f6000000,0x00000000f6000000,0x00000000f8400000)
 ParOldGen       total 283136K, used 51757K [0x00000000a0000000, 0x00000000b1480000, 0x00000000e0000000)
  object space 283136K, 18% used [0x00000000a0000000,0x00000000a328b618,0x00000000b1480000)
 Metaspace       used 76434K, capacity 80074K, committed 80344K, reserved 1118208K
  class space    used 10136K, capacity 10881K, committed 11008K, reserved 1048576K

Card table byte_map: [0x00000000127a0000,0x0000000012ab0000] byte_map_base: 0x00000000122a0000

Marking Bits: (ParMarkBitMap*) 0x000000006f795aa0
 Begin Bits: [0x00000000132b0000, 0x0000000014ab0000)
 End Bits:   [0x0000000014ab0000, 0x00000000162b0000)

Polling page: 0x0000000002fc0000

CodeCache: size=245760Kb used=31907Kb max_used=31919Kb free=213852Kb
 bounds [0x00000000033e0000, 0x0000000005330000, 0x00000000123e0000]
 total_blobs=10739 nmethods=9915 adapters=736
 compilation: enabled

Compilation events (10 events):
Event: 225.250 Thread 0x0000000016f8d800 nmethod 11352 0x0000000004201090 code [0x0000000004201240, 0x0000000004201c08]
Event: 225.250 Thread 0x0000000016f8d800 11353       4       com.sun.org.apache.xerces.internal.dom.DeferredDocumentImpl::clearChunkValue (69 bytes)
Event: 225.250 Thread 0x0000000016f9b000 nmethod 11356 0x0000000004200990 code [0x0000000004200b20, 0x0000000004200f18]
Event: 225.251 Thread 0x0000000016f8d800 nmethod 11353 0x000000000532e110 code [0x000000000532e260, 0x000000000532e458]
Event: 225.252 Thread 0x0000000016f8d800 11357       4       com.sun.org.apache.xerces.internal.impl.XMLEntityScanner::peekChar (63 bytes)
Event: 225.252 Thread 0x0000000016f9b000 11358       3       com.sun.org.apache.xerces.internal.dom.ElementImpl::setupDefaultAttributes (23 bytes)
Event: 225.252 Thread 0x0000000016f9b000 nmethod 11358 0x00000000041ff510 code [0x00000000041ff6c0, 0x00000000041ffc78]
Event: 225.252 Thread 0x0000000016f9b000 11359       3       com.sun.org.apache.xerces.internal.dom.CoreDocumentImpl::getDoctype (16 bytes)
Event: 225.252 Thread 0x0000000016f9b000 nmethod 11359 0x0000000004cf94d0 code [0x0000000004cf9640, 0x0000000004cf99e8]
Event: 225.252 Thread 0x0000000016f8d800 nmethod 11357 0x00000000041ff0d0 code [0x00000000041ff220, 0x00000000041ff348]

GC Heap History (10 events):
Event: 3.316 GC heap before
{Heap before GC invocations=7 (full 2):
 PSYoungGen      total 272896K, used 10747K [0x00000000e0000000, 0x00000000f4f00000, 0x0000000100000000)
  eden space 262144K, 0% used [0x00000000e0000000,0x00000000e0000000,0x00000000f0000000)
  from space 10752K, 99% used [0x00000000f0000000,0x00000000f0a7eec8,0x00000000f0a80000)
  to   space 14848K, 0% used [0x00000000f4080000,0x00000000f4080000,0x00000000f4f00000)
 ParOldGen       total 110080K, used 13871K [0x00000000a0000000, 0x00000000a6b80000, 0x00000000e0000000)
  object space 110080K, 12% used [0x00000000a0000000,0x00000000a0d8bc50,0x00000000a6b80000)
 Metaspace       used 34729K, capacity 35450K, committed 35456K, reserved 1079296K
  class space    used 4799K, capacity 4992K, committed 4992K, reserved 1048576K
Event: 3.352 GC heap after
Heap after GC invocations=7 (full 2):
 PSYoungGen      total 272896K, used 0K [0x00000000e0000000, 0x00000000f4f00000, 0x0000000100000000)
  eden space 262144K, 0% used [0x00000000e0000000,0x00000000e0000000,0x00000000f0000000)
  from space 10752K, 0% used [0x00000000f0000000,0x00000000f0000000,0x00000000f0a80000)
  to   space 14848K, 0% used [0x00000000f4080000,0x00000000f4080000,0x00000000f4f00000)
 ParOldGen       total 180736K, used 18801K [0x00000000a0000000, 0x00000000ab080000, 0x00000000e0000000)
  object space 180736K, 10% used [0x00000000a0000000,0x00000000a125c490,0x00000000ab080000)
 Metaspace       used 34714K, capacity 35402K, committed 35456K, reserved 1079296K
  class space    used 4795K, capacity 4984K, committed 4992K, reserved 1048576K
}
Event: 4.845 GC heap before
{Heap before GC invocations=8 (full 2):
 PSYoungGen      total 272896K, used 252804K [0x00000000e0000000, 0x00000000f4f00000, 0x0000000100000000)
  eden space 262144K, 96% used [0x00000000e0000000,0x00000000ef6e10f8,0x00000000f0000000)
  from space 10752K, 0% used [0x00000000f0000000,0x00000000f0000000,0x00000000f0a80000)
  to   space 14848K, 0% used [0x00000000f4080000,0x00000000f4080000,0x00000000f4f00000)
 ParOldGen       total 180736K, used 18801K [0x00000000a0000000, 0x00000000ab080000, 0x00000000e0000000)
  object space 180736K, 10% used [0x00000000a0000000,0x00000000a125c490,0x00000000ab080000)
 Metaspace       used 57538K, capacity 58990K, committed 59096K, reserved 1099776K
  class space    used 7757K, capacity 8116K, committed 8192K, reserved 1048576K
Event: 4.859 GC heap after
Heap after GC invocations=8 (full 2):
 PSYoungGen      total 318464K, used 14825K [0x00000000e0000000, 0x00000000f8c00000, 0x0000000100000000)
  eden space 303616K, 0% used [0x00000000e0000000,0x00000000e0000000,0x00000000f2880000)
  from space 14848K, 99% used [0x00000000f4080000,0x00000000f4efa6d8,0x00000000f4f00000)
  to   space 24576K, 0% used [0x00000000f2880000,0x00000000f2880000,0x00000000f4080000)
 ParOldGen       total 180736K, used 32544K [0x00000000a0000000, 0x00000000ab080000, 0x00000000e0000000)
  object space 180736K, 18% used [0x00000000a0000000,0x00000000a1fc82c0,0x00000000ab080000)
 Metaspace       used 57538K, capacity 58990K, committed 59096K, reserved 1099776K
  class space    used 7757K, capacity 8116K, committed 8192K, reserved 1048576K
}
Event: 4.859 GC heap before
{Heap before GC invocations=9 (full 3):
 PSYoungGen      total 318464K, used 14825K [0x00000000e0000000, 0x00000000f8c00000, 0x0000000100000000)
  eden space 303616K, 0% used [0x00000000e0000000,0x00000000e0000000,0x00000000f2880000)
  from space 14848K, 99% used [0x00000000f4080000,0x00000000f4efa6d8,0x00000000f4f00000)
  to   space 24576K, 0% used [0x00000000f2880000,0x00000000f2880000,0x00000000f4080000)
 ParOldGen       total 180736K, used 32544K [0x00000000a0000000, 0x00000000ab080000, 0x00000000e0000000)
  object space 180736K, 18% used [0x00000000a0000000,0x00000000a1fc82c0,0x00000000ab080000)
 Metaspace       used 57538K, capacity 58990K, committed 59096K, reserved 1099776K
  class space    used 7757K, capacity 8116K, committed 8192K, reserved 1048576K
Event: 4.951 GC heap after
Heap after GC invocations=9 (full 3):
 PSYoungGen      total 318464K, used 0K [0x00000000e0000000, 0x00000000f8c00000, 0x0000000100000000)
  eden space 303616K, 0% used [0x00000000e0000000,0x00000000e0000000,0x00000000f2880000)
  from space 14848K, 0% used [0x00000000f4080000,0x00000000f4080000,0x00000000f4f00000)
  to   space 24576K, 0% used [0x00000000f2880000,0x00000000f2880000,0x00000000f4080000)
 ParOldGen       total 283136K, used 42807K [0x00000000a0000000, 0x00000000b1480000, 0x00000000e0000000)
  object space 283136K, 15% used [0x00000000a0000000,0x00000000a29cdcb0,0x00000000b1480000)
 Metaspace       used 57538K, capacity 58990K, committed 59096K, reserved 1099776K
  class space    used 7757K, capacity 8116K, committed 8192K, reserved 1048576K
}
Event: 221.075 GC heap before
{Heap before GC invocations=10 (full 3):
 PSYoungGen      total 318464K, used 303616K [0x00000000e0000000, 0x00000000f8c00000, 0x0000000100000000)
  eden space 303616K, 100% used [0x00000000e0000000,0x00000000f2880000,0x00000000f2880000)
  from space 14848K, 0% used [0x00000000f4080000,0x00000000f4080000,0x00000000f4f00000)
  to   space 24576K, 0% used [0x00000000f2880000,0x00000000f2880000,0x00000000f4080000)
 ParOldGen       total 283136K, used 42807K [0x00000000a0000000, 0x00000000b1480000, 0x00000000e0000000)
  object space 283136K, 15% used [0x00000000a0000000,0x00000000a29cdcb0,0x00000000b1480000)
 Metaspace       used 68663K, capacity 71030K, committed 71256K, reserved 1112064K
  class space    used 9068K, capacity 9553K, committed 9600K, reserved 1048576K
Event: 221.092 GC heap after
Heap after GC invocations=10 (full 3):
 PSYoungGen      total 328192K, used 24554K [0x00000000e0000000, 0x00000000fa000000, 0x0000000100000000)
  eden space 303616K, 0% used [0x00000000e0000000,0x00000000e0000000,0x00000000f2880000)
  from space 24576K, 99% used [0x00000000f2880000,0x00000000f407a828,0x00000000f4080000)
  to   space 28672K, 0% used [0x00000000f8400000,0x00000000f8400000,0x00000000fa000000)
 ParOldGen       total 283136K, used 43083K [0x00000000a0000000, 0x00000000b1480000, 0x00000000e0000000)
  object space 283136K, 15% used [0x00000000a0000000,0x00000000a2a12f08,0x00000000b1480000)
 Metaspace       used 68663K, capacity 71030K, committed 71256K, reserved 1112064K
  class space    used 9068K, capacity 9553K, committed 9600K, reserved 1048576K
}
Event: 223.036 GC heap before
{Heap before GC invocations=11 (full 3):
 PSYoungGen      total 328192K, used 328170K [0x00000000e0000000, 0x00000000fa000000, 0x0000000100000000)
  eden space 303616K, 100% used [0x00000000e0000000,0x00000000f2880000,0x00000000f2880000)
  from space 24576K, 99% used [0x00000000f2880000,0x00000000f407a828,0x00000000f4080000)
  to   space 28672K, 0% used [0x00000000f8400000,0x00000000f8400000,0x00000000fa000000)
 ParOldGen       total 283136K, used 43083K [0x00000000a0000000, 0x00000000b1480000, 0x00000000e0000000)
  object space 283136K, 15% used [0x00000000a0000000,0x00000000a2a12f08,0x00000000b1480000)
 Metaspace       used 73917K, capacity 76828K, committed 77016K, reserved 1116160K
  class space    used 9828K, capacity 10433K, committed 10496K, reserved 1048576K
Event: 223.056 GC heap after
Heap after GC invocations=11 (full 3):
 PSYoungGen      total 389120K, used 28652K [0x00000000e0000000, 0x00000000fb200000, 0x0000000100000000)
  eden space 360448K, 0% used [0x00000000e0000000,0x00000000e0000000,0x00000000f6000000)
  from space 28672K, 99% used [0x00000000f8400000,0x00000000f9ffb060,0x00000000fa000000)
  to   space 36864K, 0% used [0x00000000f6000000,0x00000000f6000000,0x00000000f8400000)
 ParOldGen       total 283136K, used 51757K [0x00000000a0000000, 0x00000000b1480000, 0x00000000e0000000)
  object space 283136K, 18% used [0x00000000a0000000,0x00000000a328b618,0x00000000b1480000)
 Metaspace       used 73917K, capacity 76828K, committed 77016K, reserved 1116160K
  class space    used 9828K, capacity 10433K, committed 10496K, reserved 1048576K
}

Deoptimization events (10 events):
Event: 223.440 Thread 0x000000001de07800 Uncommon trap: reason=unstable_if action=reinterpret pc=0x0000000004a2b750 method=java.util.concurrent.ConcurrentHashMap.addCount(JI)V @ 97
Event: 223.513 Thread 0x000000001de00800 Uncommon trap: reason=bimorphic action=maybe_recompile pc=0x0000000003a09374 method=java.io.DataOutputStream.writeShort(I)V @ 12
Event: 223.513 Thread 0x000000001de00800 Uncommon trap: reason=unstable_if action=reinterpret pc=0x0000000004703c44 method=org.apache.commons.collections.map.AbstractHashedMap.isEqualKey(Ljava/lang/Object;Ljava/lang/Object;)Z @ 2
Event: 223.569 Thread 0x000000001de00800 Uncommon trap: reason=unstable_if action=reinterpret pc=0x0000000004745ef0 method=org.apache.commons.collections.map.AbstractHashedMap.isEqualKey(Ljava/lang/Object;Ljava/lang/Object;)Z @ 2
Event: 223.576 Thread 0x000000001ddfb800 Uncommon trap: reason=unstable_if action=reinterpret pc=0x00000000042f8720 method=com.sun.org.apache.xerces.internal.utils.XMLSecurityManager.isOverLimit(ILcom/sun/org/apache/xerces/internal/utils/XMLLimitAnalyzer;)Z @ 28
Event: 223.615 Thread 0x000000001ddfb800 Uncommon trap: reason=unstable_if action=reinterpret pc=0x0000000004da8698 method=java.io.ObjectOutputStream.writeClassDesc(Ljava/io/ObjectStreamClass;Z)V @ 41
Event: 223.615 Thread 0x000000001ddfb800 Uncommon trap: reason=class_check action=maybe_recompile pc=0x00000000046beb24 method=java.io.ObjectOutputStream$BlockDataOutputStream.drain()V @ 36
Event: 223.615 Thread 0x000000001ddfb800 Uncommon trap: reason=unstable_if action=reinterpret pc=0x0000000003c6076c method=sun.reflect.misc.ReflectUtil.isNonPublicProxyClass(Ljava/lang/Class;)Z @ 33
Event: 223.616 Thread 0x000000001ddfb800 Uncommon trap: reason=unstable_if action=reinterpret pc=0x0000000004f68ea8 method=java.io.ObjectOutputStream.writeObject0(Ljava/lang/Object;Z)V @ 105
Event: 225.255 Thread 0x000000001ddfb800 Uncommon trap: reason=unstable_if action=reinterpret pc=0x00000000036456c8 method=java.lang.CharacterData.of(I)Ljava/lang/CharacterData; @ 4

Classes redefined (0 events):
No events

Internal exceptions (10 events):
Event: 224.984 Thread 0x000000001ddfb800 Exception <a 'sun/nio/fs/WindowsException'> (0x00000000e887f9a0) thrown at [D:\src\AOSP-openjdk-cygwin\jdk8u\hotspot\src\share\vm\prims\jni.cpp, line 709]
Event: 224.984 Thread 0x000000001ddfb800 Exception <a 'sun/nio/fs/WindowsException'> (0x00000000e8880a68) thrown at [D:\src\AOSP-openjdk-cygwin\jdk8u\hotspot\src\share\vm\prims\jni.cpp, line 709]
Event: 224.986 Thread 0x000000001ddfb800 Exception <a 'sun/nio/fs/WindowsException'> (0x00000000e8884b38) thrown at [D:\src\AOSP-openjdk-cygwin\jdk8u\hotspot\src\share\vm\prims\jni.cpp, line 709]
Event: 224.986 Thread 0x000000001ddfb800 Exception <a 'sun/nio/fs/WindowsException'> (0x00000000e8885900) thrown at [D:\src\AOSP-openjdk-cygwin\jdk8u\hotspot\src\share\vm\prims\jni.cpp, line 709]
Event: 224.986 Thread 0x000000001ddfb800 Exception <a 'sun/nio/fs/WindowsException'> (0x00000000e8887ad0) thrown at [D:\src\AOSP-openjdk-cygwin\jdk8u\hotspot\src\share\vm\prims\jni.cpp, line 709]
Event: 224.986 Thread 0x000000001ddfb800 Exception <a 'sun/nio/fs/WindowsException'> (0x00000000e88888d8) thrown at [D:\src\AOSP-openjdk-cygwin\jdk8u\hotspot\src\share\vm\prims\jni.cpp, line 709]
Event: 224.986 Thread 0x000000001ddfb800 Exception <a 'sun/nio/fs/WindowsException'> (0x00000000e888bcd8) thrown at [D:\src\AOSP-openjdk-cygwin\jdk8u\hotspot\src\share\vm\prims\jni.cpp, line 709]
Event: 224.986 Thread 0x000000001ddfb800 Exception <a 'sun/nio/fs/WindowsException'> (0x00000000e888cb80) thrown at [D:\src\AOSP-openjdk-cygwin\jdk8u\hotspot\src\share\vm\prims\jni.cpp, line 709]
Event: 224.986 Thread 0x000000001ddfb800 Exception <a 'sun/nio/fs/WindowsException'> (0x00000000e888ee40) thrown at [D:\src\AOSP-openjdk-cygwin\jdk8u\hotspot\src\share\vm\prims\jni.cpp, line 709]
Event: 224.986 Thread 0x000000001ddfb800 Exception <a 'sun/nio/fs/WindowsException'> (0x00000000e888ff08) thrown at [D:\src\AOSP-openjdk-cygwin\jdk8u\hotspot\src\share\vm\prims\jni.cpp, line 709]

Events (10 events):
Event: 225.179 Thread 0x0000000016f9b000 flushing nmethod 0x0000000004e8ae50
Event: 225.180 Executing VM operation: ForceSafepoint
Event: 225.183 Executing VM operation: ForceSafepoint done
Event: 225.254 Thread 0x000000001ddfb800 Uncommon trap: trap_request=0xffffff65 fr.pc=0x00000000036456c8
Event: 225.256 Thread 0x000000001ddfb800 DEOPT PACKING pc=0x00000000036456c8 sp=0x000000001b65a4b0
Event: 225.256 Thread 0x000000001ddfb800 DEOPT UNPACKING pc=0x000000000342557b sp=0x000000001b65a380 mode 2
Event: 225.256 loading class java/lang/CharacterData00
Event: 225.260 loading class java/lang/CharacterData00 done
Event: 225.260 Executing VM operation: Deoptimize
Event: 225.261 Executing VM operation: Deoptimize done


Dynamic libraries:
0x00007ff61f990000 - 0x00007ff61f9c1000 	C:\Program Files\Android\Android Studio\jre\bin\java.exe
0x00007ffafe3a0000 - 0x00007ffafe590000 	C:\WINDOWS\SYSTEM32\ntdll.dll
0x00007ffafc520000 - 0x00007ffafc5d2000 	C:\WINDOWS\System32\KERNEL32.DLL
0x00007ffafc1a0000 - 0x00007ffafc443000 	C:\WINDOWS\System32\KERNELBASE.dll
0x00007ffafdd30000 - 0x00007ffafddd3000 	C:\WINDOWS\System32\ADVAPI32.dll
0x00007ffafc480000 - 0x00007ffafc51e000 	C:\WINDOWS\System32\msvcrt.dll
0x00007ffafc800000 - 0x00007ffafc897000 	C:\WINDOWS\System32\sechost.dll
0x00007ffafdde0000 - 0x00007ffafdf00000 	C:\WINDOWS\System32\RPCRT4.dll
0x00007ffafd4a0000 - 0x00007ffafd633000 	C:\WINDOWS\System32\USER32.dll
0x00007ffafc0f0000 - 0x00007ffafc111000 	C:\WINDOWS\System32\win32u.dll
0x00007ffafc450000 - 0x00007ffafc476000 	C:\WINDOWS\System32\GDI32.dll
0x00007ffafbf50000 - 0x00007ffafc0e4000 	C:\WINDOWS\System32\gdi32full.dll
0x00007ffafb330000 - 0x00007ffafb3ce000 	C:\WINDOWS\System32\msvcp_win.dll
0x00007ffafb480000 - 0x00007ffafb57a000 	C:\WINDOWS\System32\ucrtbase.dll
0x00007ffafa780000 - 0x00007ffafaa05000 	C:\WINDOWS\WinSxS\amd64_microsoft.windows.common-controls_6595b64144ccf1df_6.0.18362.267_none_e6c5adbd130e444d\COMCTL32.dll
0x00007ffafd150000 - 0x00007ffafd486000 	C:\WINDOWS\System32\combase.dll
0x00007ffafc120000 - 0x00007ffafc1a0000 	C:\WINDOWS\System32\bcryptPrimitives.dll
0x00007ffafc8a0000 - 0x00007ffafc8ce000 	C:\WINDOWS\System32\IMM32.DLL
0x000000006c560000 - 0x000000006c632000 	C:\Program Files\Android\Android Studio\jre\jre\bin\msvcr100.dll
0x000000006efd0000 - 0x000000006f811000 	C:\Program Files\Android\Android Studio\jre\jre\bin\server\jvm.dll
0x00007ffafd490000 - 0x00007ffafd498000 	C:\WINDOWS\System32\PSAPI.DLL
0x00007ffaf8620000 - 0x00007ffaf8644000 	C:\WINDOWS\SYSTEM32\WINMM.dll
0x00007ffafabb0000 - 0x00007ffafabb9000 	C:\WINDOWS\SYSTEM32\WSOCK32.dll
0x00007ffafc640000 - 0x00007ffafc6af000 	C:\WINDOWS\System32\WS2_32.dll
0x00007ffaf46e0000 - 0x00007ffaf46ea000 	C:\WINDOWS\SYSTEM32\VERSION.dll
0x00007ffaf85c0000 - 0x00007ffaf85ed000 	C:\WINDOWS\SYSTEM32\winmmbase.dll
0x00007ffafbed0000 - 0x00007ffafbf1a000 	C:\WINDOWS\System32\cfgmgr32.dll
0x00007ffaf9730000 - 0x00007ffaf973f000 	C:\Program Files\Android\Android Studio\jre\jre\bin\verify.dll
0x00007ffaf3000000 - 0x00007ffaf3029000 	C:\Program Files\Android\Android Studio\jre\jre\bin\java.dll
0x00007ffaf53b0000 - 0x00007ffaf53c6000 	C:\Program Files\Android\Android Studio\jre\jre\bin\zip.dll
0x00007ffafd640000 - 0x00007ffafdd22000 	C:\WINDOWS\System32\SHELL32.dll
0x00007ffafd0a0000 - 0x00007ffafd149000 	C:\WINDOWS\System32\shcore.dll
0x00007ffafb750000 - 0x00007ffafbecc000 	C:\WINDOWS\System32\windows.storage.dll
0x00007ffafb2a0000 - 0x00007ffafb2bf000 	C:\WINDOWS\System32\profapi.dll
0x00007ffafb2c0000 - 0x00007ffafb30a000 	C:\WINDOWS\System32\powrprof.dll
0x00007ffafb270000 - 0x00007ffafb280000 	C:\WINDOWS\System32\UMPDC.dll
0x00007ffafe230000 - 0x00007ffafe282000 	C:\WINDOWS\System32\shlwapi.dll
0x00007ffafb280000 - 0x00007ffafb291000 	C:\WINDOWS\System32\kernel.appcore.dll
0x00007ffafb5e0000 - 0x00007ffafb5f7000 	C:\WINDOWS\System32\cryptsp.dll
0x00007ffae9c90000 - 0x00007ffae9caa000 	C:\Program Files\Android\Android Studio\jre\jre\bin\net.dll
0x00007ffafa460000 - 0x00007ffafa4c7000 	C:\WINDOWS\system32\mswsock.dll
0x00007ffae1830000 - 0x00007ffae1841000 	C:\Program Files\Android\Android Studio\jre\jre\bin\nio.dll
0x00007ffae08e0000 - 0x00007ffae08fe000 	C:\Users\beast\.gradle\native\25\windows-amd64\native-platform.dll
0x00007ffaf9720000 - 0x00007ffaf972d000 	C:\Program Files\Android\Android Studio\jre\jre\bin\management.dll
0x00007ffaf9fd0000 - 0x00007ffafa003000 	C:\WINDOWS\system32\rsaenh.dll
0x00007ffafbf20000 - 0x00007ffafbf46000 	C:\WINDOWS\System32\bcrypt.dll
0x00007ffafb190000 - 0x00007ffafb1b5000 	C:\WINDOWS\SYSTEM32\USERENV.dll
0x00007ffafa630000 - 0x00007ffafa63c000 	C:\WINDOWS\SYSTEM32\CRYPTBASE.dll
0x00007ffafa170000 - 0x00007ffafa1aa000 	C:\WINDOWS\SYSTEM32\IPHLPAPI.DLL
0x00007ffafc7f0000 - 0x00007ffafc7f8000 	C:\WINDOWS\System32\NSI.dll
0x00007ffaf1cf0000 - 0x00007ffaf1d06000 	C:\WINDOWS\SYSTEM32\dhcpcsvc6.DLL
0x00007ffaf2b80000 - 0x00007ffaf2b9c000 	C:\WINDOWS\SYSTEM32\dhcpcsvc.DLL
0x00007ffafa1b0000 - 0x00007ffafa27a000 	C:\WINDOWS\SYSTEM32\DNSAPI.dll
0x00007ffafabf0000 - 0x00007ffafade4000 	C:\WINDOWS\SYSTEM32\dbghelp.dll

VM Arguments:
jvm_args: -Xmx1536m -Dfile.encoding=windows-1252 -Duser.country=US -Duser.language=en -Duser.variant 
java_command: org.gradle.launcher.daemon.bootstrap.GradleDaemon 5.1.1
java_class_path (initial): C:\Users\beast\.gradle\wrapper\dists\gradle-5.1.1-all\97z1ksx6lirer3kbvdnh7jtjg\gradle-5.1.1\lib\gradle-launcher-5.1.1.jar
Launcher Type: SUN_STANDARD

Environment Variables:
PATH=C:\Program Files (x86)\Google\Chrome\Application;C:\Program Files (x86)\Common Files\Oracle\Java\javapath;C:\Program Files (x86)\Intel\Intel(R) Management Engine Components\iCLS\;C:\Program Files\Intel\Intel(R) Management Engine Components\iCLS\;C:\Windows\system32;C:\Windows;C:\Windows\System32\Wbem;C:\Windows\System32\WindowsPowerShell\v1.0\;C:\Windows\System32\OpenSSH\;C:\Program Files (x86)\Intel\Intel(R) Management Engine Components\DAL;C:\Program Files\Intel\Intel(R) Management Engine Components\DAL;C:\Program Files (x86)\NVIDIA Corporation\PhysX\Common;C:\Program Files\dotnet\;C:\Program Files\NVIDIA Corporation\NVIDIA NvDLISR;C:\Program Files\Git\cmd;C:\WINDOWS\system32;C:\WINDOWS;C:\WINDOWS\System32\Wbem;C:\WINDOWS\System32\WindowsPowerShell\v1.0\;C:\WINDOWS\System32\OpenSSH\;C:\Users\beast\AppData\Local\Microsoft\WindowsApps;;C:\Users\beast\.dotnet\tools;C:\Users\beast\AppData\Local\Programs\Microsoft VS Code\bin;C:\Users\beast\AppData\Local\Microsoft\WindowsApps
USERNAME=beast
OS=Windows_NT
PROCESSOR_IDENTIFIER=Intel64 Family 6 Model 158 Stepping 10, GenuineIntel



---------------  S Y S T E M  ---------------

OS: Windows 10.0 , 64 bit Build 18362 (10.0.18362.86)

CPU:total 6 (initial active 6) (6 cores per cpu, 1 threads per core) family 6 model 158 stepping 10, cmov, cx8, fxsr, mmx, sse, sse2, sse3, ssse3, sse4.1, sse4.2, popcnt, avx, avx2, aes, clmul, erms, rtm, 3dnowpref, lzcnt, tsc, tscinvbit, bmi1, bmi2, adx

Memory: 4k page, physical 16718492k(8971008k free), swap 19733148k(9546628k free)

vm_info: OpenJDK 64-Bit Server VM (25.152-b01) for windows-amd64 JRE (1.8.0_152-release-1343-b01), built by "builder" with MS VC++ 10.0 (VS2010)

time: Mon Aug 12 15:20:59 2019
elapsed time: 225 seconds (0d 0h 3m 45s)

